<?xml version="1.0" encoding="UTF-8"?>
<coverage generated="1638301392010" clover="3.2.0">
  <project timestamp="1638301392012" name="All files">
    <metrics statements="30" coveredstatements="24" conditionals="28" coveredconditionals="13" methods="18" coveredmethods="13" elements="76" coveredelements="50" complexity="0" loc="30" ncloc="30" packages="2" files="15" classes="15"/>
    <package name="components">
      <metrics statements="21" coveredstatements="15" conditionals="22" coveredconditionals="7" methods="11" coveredmethods="6"/>
      <file name="Footer.js" path="/Users/learnacademy/Desktop/youasked/app/javascript/components/Footer.js">
        <metrics statements="1" coveredstatements="1" conditionals="0" coveredconditionals="0" methods="1" coveredmethods="1"/>
        <line num="11" count="1" type="stmt"/>
      </file>
      <file name="Header.js" path="/Users/learnacademy/Desktop/youasked/app/javascript/components/Header.js">
        <metrics statements="2" coveredstatements="2" conditionals="8" coveredconditionals="6" methods="1" coveredmethods="1"/>
        <line num="17" count="1" type="stmt"/>
        <line num="19" count="1" type="stmt"/>
      </file>
      <file name="ProtectedAnswerCard.js" path="/Users/learnacademy/Desktop/youasked/app/javascript/components/ProtectedAnswerCard.js">
        <metrics statements="2" coveredstatements="1" conditionals="2" coveredconditionals="0" methods="2" coveredmethods="1"/>
        <line num="7" count="1" type="stmt"/>
        <line num="28" count="0" type="cond" truecount="0" falsecount="2"/>
      </file>
      <file name="ProtectedQuestionCard.js" path="/Users/learnacademy/Desktop/youasked/app/javascript/components/ProtectedQuestionCard.js">
        <metrics statements="2" coveredstatements="1" conditionals="4" coveredconditionals="1" methods="2" coveredmethods="1"/>
        <line num="13" count="1" type="stmt"/>
        <line num="37" count="0" type="cond" truecount="0" falsecount="2"/>
      </file>
      <file name="QuestionCard.js" path="/Users/learnacademy/Desktop/youasked/app/javascript/components/QuestionCard.js">
        <metrics statements="1" coveredstatements="1" conditionals="2" coveredconditionals="0" methods="1" coveredmethods="1"/>
        <line num="12" count="1" type="stmt"/>
      </file>
      <file name="UnstyledButtonCustom.js" path="/Users/learnacademy/Desktop/youasked/app/javascript/components/UnstyledButtonCustom.js">
        <metrics statements="9" coveredstatements="5" conditionals="6" coveredconditionals="0" methods="4" coveredmethods="1"/>
        <line num="8" count="2" type="stmt"/>
        <line num="9" count="0" type="stmt"/>
        <line num="11" count="0" type="stmt"/>
        <line num="22" count="2" type="stmt"/>
        <line num="26" count="2" type="stmt"/>
        <line num="27" count="0" type="stmt"/>
        <line num="109" count="2" type="stmt"/>
        <line num="110" count="0" type="stmt"/>
        <line num="114" count="4" type="stmt"/>
      </file>
      <file name="image-stub.js" path="/Users/learnacademy/Desktop/youasked/app/javascript/components/image-stub.js">
        <metrics statements="1" coveredstatements="1" conditionals="0" coveredconditionals="0" methods="0" coveredmethods="0"/>
        <line num="1" count="3" type="stmt"/>
      </file>
      <file name="mockAnswer.js" path="/Users/learnacademy/Desktop/youasked/app/javascript/components/mockAnswer.js">
        <metrics statements="1" coveredstatements="1" conditionals="0" coveredconditionals="0" methods="0" coveredmethods="0"/>
        <line num="1" count="1" type="stmt"/>
      </file>
      <file name="mockQuestion.js" path="/Users/learnacademy/Desktop/youasked/app/javascript/components/mockQuestion.js">
        <metrics statements="1" coveredstatements="1" conditionals="0" coveredconditionals="0" methods="0" coveredmethods="0"/>
        <line num="1" count="2" type="stmt"/>
      </file>
      <file name="mockSession.js" path="/Users/learnacademy/Desktop/youasked/app/javascript/components/mockSession.js">
        <metrics statements="1" coveredstatements="1" conditionals="0" coveredconditionals="0" methods="0" coveredmethods="0"/>
        <line num="1" count="2" type="stmt"/>
      </file>
    </package>
    <package name="pages">
      <metrics statements="9" coveredstatements="9" conditionals="6" coveredconditionals="6" methods="7" coveredmethods="7"/>
      <file name="404Page.js" path="/Users/learnacademy/Desktop/youasked/app/javascript/pages/404Page.js">
        <metrics statements="1" coveredstatements="1" conditionals="0" coveredconditionals="0" methods="1" coveredmethods="1"/>
        <line num="6" count="1" type="stmt"/>
      </file>
      <file name="AboutUsPage.js" path="/Users/learnacademy/Desktop/youasked/app/javascript/pages/AboutUsPage.js">
        <metrics statements="3" coveredstatements="3" conditionals="0" coveredconditionals="0" methods="2" coveredmethods="2"/>
        <line num="14" count="1" type="stmt"/>
        <line num="44" count="1" type="stmt"/>
        <line num="52" count="4" type="stmt"/>
      </file>
      <file name="CommunityGuidelinesPage.js" path="/Users/learnacademy/Desktop/youasked/app/javascript/pages/CommunityGuidelinesPage.js">
        <metrics statements="1" coveredstatements="1" conditionals="0" coveredconditionals="0" methods="1" coveredmethods="1"/>
        <line num="5" count="1" type="stmt"/>
      </file>
      <file name="Home.js" path="/Users/learnacademy/Desktop/youasked/app/javascript/pages/Home.js">
        <metrics statements="2" coveredstatements="2" conditionals="2" coveredconditionals="2" methods="1" coveredmethods="1"/>
        <line num="16" count="1" type="stmt"/>
        <line num="17" count="1" type="stmt"/>
      </file>
      <file name="QuestionIndex.js" path="/Users/learnacademy/Desktop/youasked/app/javascript/pages/QuestionIndex.js">
        <metrics statements="2" coveredstatements="2" conditionals="4" coveredconditionals="4" methods="2" coveredmethods="2"/>
        <line num="8" count="2" type="stmt"/>
        <line num="18" count="2" type="stmt"/>
      </file>
    </package>
  </project>
</coverage>
