{"/Users/learnacademy/Desktop/youasked/app/javascript/components/Footer.js": {"path":"/Users/learnacademy/Desktop/youasked/app/javascript/components/Footer.js","statementMap":{"0":{"start":{"line":11,"column":4},"end":{"line":27,"column":6}}},"fnMap":{"0":{"name":"(anonymous_0)","decl":{"start":{"line":10,"column":2},"end":{"line":10,"column":3}},"loc":{"start":{"line":10,"column":11},"end":{"line":28,"column":3}},"line":10}},"branchMap":{},"s":{"0":1},"f":{"0":1},"b":{},"_coverageSchema":"1a1c01bbd47fc00a2c39e90264f33305004495a9","hash":"2916d5378451d91e7a2f9a44440d415d178e4522"}
,"/Users/learnacademy/Desktop/youasked/app/javascript/components/Header.js": {"path":"/Users/learnacademy/Desktop/youasked/app/javascript/components/Header.js","statementMap":{"0":{"start":{"line":17,"column":8},"end":{"line":17,"column":18}},"1":{"start":{"line":19,"column":4},"end":{"line":69,"column":6}}},"fnMap":{"0":{"name":"(anonymous_0)","decl":{"start":{"line":10,"column":2},"end":{"line":10,"column":3}},"loc":{"start":{"line":10,"column":11},"end":{"line":70,"column":3}},"line":10}},"branchMap":{"0":{"loc":{"start":{"line":31,"column":13},"end":{"line":35,"column":13}},"type":"binary-expr","locations":[{"start":{"line":31,"column":13},"end":{"line":31,"column":22}},{"start":{"line":32,"column":14},"end":{"line":34,"column":24}}],"line":31},"1":{"loc":{"start":{"line":39,"column":13},"end":{"line":47,"column":13}},"type":"binary-expr","locations":[{"start":{"line":39,"column":13},"end":{"line":39,"column":22}},{"start":{"line":40,"column":14},"end":{"line":46,"column":20}}],"line":39},"2":{"loc":{"start":{"line":48,"column":13},"end":{"line":57,"column":13}},"type":"binary-expr","locations":[{"start":{"line":48,"column":13},"end":{"line":48,"column":23}},{"start":{"line":49,"column":14},"end":{"line":56,"column":20}}],"line":48},"3":{"loc":{"start":{"line":58,"column":13},"end":{"line":65,"column":13}},"type":"binary-expr","locations":[{"start":{"line":58,"column":13},"end":{"line":58,"column":23}},{"start":{"line":59,"column":14},"end":{"line":64,"column":20}}],"line":58}},"s":{"0":1,"1":1},"f":{"0":1},"b":{"0":[1,0],"1":[1,0],"2":[1,1],"3":[1,1]},"_coverageSchema":"1a1c01bbd47fc00a2c39e90264f33305004495a9","hash":"06b6888c90aec8489774e70a4921a0c5b3b2e233"}
,"/Users/learnacademy/Desktop/youasked/app/javascript/components/ProtectedAnswerCard.js": {"path":"/Users/learnacademy/Desktop/youasked/app/javascript/components/ProtectedAnswerCard.js","statementMap":{"0":{"start":{"line":7,"column":2},"end":{"line":36,"column":4}},"1":{"start":{"line":28,"column":12},"end":{"line":29,"column":50}}},"fnMap":{"0":{"name":"MultiActionAreaCard","decl":{"start":{"line":6,"column":24},"end":{"line":6,"column":43}},"loc":{"start":{"line":6,"column":51},"end":{"line":37,"column":1}},"line":6},"1":{"name":"(anonymous_1)","decl":{"start":{"line":27,"column":19},"end":{"line":27,"column":20}},"loc":{"start":{"line":27,"column":25},"end":{"line":30,"column":11}},"line":27}},"branchMap":{"0":{"loc":{"start":{"line":28,"column":12},"end":{"line":29,"column":49}},"type":"binary-expr","locations":[{"start":{"line":28,"column":12},"end":{"line":28,"column":67}},{"start":{"line":29,"column":14},"end":{"line":29,"column":49}}],"line":28}},"s":{"0":1,"1":0},"f":{"0":1,"1":0},"b":{"0":[0,0]},"_coverageSchema":"1a1c01bbd47fc00a2c39e90264f33305004495a9","hash":"f364a8d41dccf928a3723fc7c731aae151090c5d"}
,"/Users/learnacademy/Desktop/youasked/app/javascript/components/ProtectedQuestionCard.js": {"path":"/Users/learnacademy/Desktop/youasked/app/javascript/components/ProtectedQuestionCard.js","statementMap":{"0":{"start":{"line":13,"column":2},"end":{"line":45,"column":4}},"1":{"start":{"line":37,"column":12},"end":{"line":38,"column":54}}},"fnMap":{"0":{"name":"MultiActionAreaCard","decl":{"start":{"line":12,"column":24},"end":{"line":12,"column":43}},"loc":{"start":{"line":12,"column":51},"end":{"line":46,"column":1}},"line":12},"1":{"name":"(anonymous_1)","decl":{"start":{"line":36,"column":19},"end":{"line":36,"column":20}},"loc":{"start":{"line":36,"column":25},"end":{"line":39,"column":11}},"line":36}},"branchMap":{"0":{"loc":{"start":{"line":20,"column":7},"end":{"line":26,"column":7}},"type":"binary-expr","locations":[{"start":{"line":20,"column":7},"end":{"line":20,"column":29}},{"start":{"line":21,"column":8},"end":{"line":25,"column":10}}],"line":20},"1":{"loc":{"start":{"line":37,"column":12},"end":{"line":38,"column":53}},"type":"binary-expr","locations":[{"start":{"line":37,"column":12},"end":{"line":37,"column":69}},{"start":{"line":38,"column":14},"end":{"line":38,"column":53}}],"line":37}},"s":{"0":1,"1":0},"f":{"0":1,"1":0},"b":{"0":[1,0],"1":[0,0]},"_coverageSchema":"1a1c01bbd47fc00a2c39e90264f33305004495a9","hash":"7dd5c505d116f831ddc72df88c0cfb96f2fe0700"}
,"/Users/learnacademy/Desktop/youasked/app/javascript/components/QuestionCard.js": {"path":"/Users/learnacademy/Desktop/youasked/app/javascript/components/QuestionCard.js","statementMap":{"0":{"start":{"line":12,"column":2},"end":{"line":38,"column":4}}},"fnMap":{"0":{"name":"MultiActionAreaCard","decl":{"start":{"line":11,"column":24},"end":{"line":11,"column":43}},"loc":{"start":{"line":11,"column":51},"end":{"line":39,"column":1}},"line":11}},"branchMap":{"0":{"loc":{"start":{"line":19,"column":11},"end":{"line":25,"column":11}},"type":"binary-expr","locations":[{"start":{"line":19,"column":11},"end":{"line":19,"column":33}},{"start":{"line":20,"column":12},"end":{"line":24,"column":14}}],"line":19}},"s":{"0":1},"f":{"0":1},"b":{"0":[0,0]},"_coverageSchema":"1a1c01bbd47fc00a2c39e90264f33305004495a9","hash":"2462df8060b68eab33d671a75419b3cb12909989"}
,"/Users/learnacademy/Desktop/youasked/app/javascript/components/UnstyledButtonCustom.js": {"path":"/Users/learnacademy/Desktop/youasked/app/javascript/components/UnstyledButtonCustom.js","statementMap":{"0":{"start":{"line":8,"column":19},"end":{"line":20,"column":2}},"1":{"start":{"line":9,"column":33},"end":{"line":9,"column":38}},"2":{"start":{"line":11,"column":2},"end":{"line":19,"column":4}},"3":{"start":{"line":22,"column":0},"end":{"line":24,"column":2}},"4":{"start":{"line":26,"column":25},"end":{"line":107,"column":1}},"5":{"start":{"line":27,"column":17},"end":{"line":106,"column":4}},"6":{"start":{"line":109,"column":18},"end":{"line":111,"column":2}},"7":{"start":{"line":110,"column":2},"end":{"line":110,"column":78}},"8":{"start":{"line":114,"column":4},"end":{"line":114,"column":41}}},"fnMap":{"0":{"name":"ButtonRoot","decl":{"start":{"line":8,"column":45},"end":{"line":8,"column":55}},"loc":{"start":{"line":8,"column":68},"end":{"line":20,"column":1}},"line":8},"1":{"name":"(anonymous_1)","decl":{"start":{"line":27,"column":2},"end":{"line":27,"column":3}},"loc":{"start":{"line":27,"column":17},"end":{"line":106,"column":4}},"line":27},"2":{"name":"SvgButton","decl":{"start":{"line":109,"column":44},"end":{"line":109,"column":53}},"loc":{"start":{"line":109,"column":66},"end":{"line":111,"column":1}},"line":109},"3":{"name":"UnstyledButtonCustom","decl":{"start":{"line":113,"column":24},"end":{"line":113,"column":44}},"loc":{"start":{"line":113,"column":51},"end":{"line":115,"column":1}},"line":113}},"branchMap":{"0":{"loc":{"start":{"line":31,"column":4},"end":{"line":31,"column":75}},"type":"cond-expr","locations":[{"start":{"line":31,"column":37},"end":{"line":31,"column":54}},{"start":{"line":31,"column":57},"end":{"line":31,"column":75}}],"line":31},"1":{"loc":{"start":{"line":34,"column":4},"end":{"line":36,"column":32}},"type":"cond-expr","locations":[{"start":{"line":35,"column":8},"end":{"line":35,"column":31}},{"start":{"line":36,"column":8},"end":{"line":36,"column":32}}],"line":34},"2":{"loc":{"start":{"line":39,"column":4},"end":{"line":41,"column":32}},"type":"cond-expr","locations":[{"start":{"line":40,"column":8},"end":{"line":40,"column":31}},{"start":{"line":41,"column":8},"end":{"line":41,"column":32}}],"line":39}},"s":{"0":2,"1":0,"2":0,"3":2,"4":2,"5":0,"6":2,"7":0,"8":4},"f":{"0":0,"1":0,"2":0,"3":4},"b":{"0":[0,0],"1":[0,0],"2":[0,0]},"_coverageSchema":"1a1c01bbd47fc00a2c39e90264f33305004495a9","hash":"afc1d8eeea1bd3b8bf29761592eade5b47839544"}
,"/Users/learnacademy/Desktop/youasked/app/javascript/components/image-stub.js": {"path":"/Users/learnacademy/Desktop/youasked/app/javascript/components/image-stub.js","statementMap":{"0":{"start":{"line":1,"column":0},"end":{"line":1,"column":30}}},"fnMap":{},"branchMap":{},"s":{"0":3},"f":{},"b":{},"_coverageSchema":"1a1c01bbd47fc00a2c39e90264f33305004495a9","hash":"307052f4e3f47f7e90bbad1d73b9a8913b74fc2d"}
,"/Users/learnacademy/Desktop/youasked/app/javascript/components/mockAnswer.js": {"path":"/Users/learnacademy/Desktop/youasked/app/javascript/components/mockAnswer.js","statementMap":{"0":{"start":{"line":1,"column":20},"end":{"line":8,"column":1}}},"fnMap":{},"branchMap":{},"s":{"0":1},"f":{},"b":{},"_coverageSchema":"1a1c01bbd47fc00a2c39e90264f33305004495a9","hash":"3f613aa2b412778f0f9e58b9d191d33fd6ae6379"}
,"/Users/learnacademy/Desktop/youasked/app/javascript/components/mockQuestion.js": {"path":"/Users/learnacademy/Desktop/youasked/app/javascript/components/mockQuestion.js","statementMap":{"0":{"start":{"line":1,"column":22},"end":{"line":7,"column":1}}},"fnMap":{},"branchMap":{},"s":{"0":2},"f":{},"b":{},"_coverageSchema":"1a1c01bbd47fc00a2c39e90264f33305004495a9","hash":"19ecdd3cbf01c26870c4e36f47602b0a87f9580d"}
,"/Users/learnacademy/Desktop/youasked/app/javascript/components/mockSession.js": {"path":"/Users/learnacademy/Desktop/youasked/app/javascript/components/mockSession.js","statementMap":{"0":{"start":{"line":1,"column":21},"end":{"line":15,"column":1}}},"fnMap":{},"branchMap":{},"s":{"0":2},"f":{},"b":{},"_coverageSchema":"1a1c01bbd47fc00a2c39e90264f33305004495a9","hash":"ff95d9bf72b3946013841b251455558b8d1746ae"}
,"/Users/learnacademy/Desktop/youasked/app/javascript/pages/404Page.js": {"path":"/Users/learnacademy/Desktop/youasked/app/javascript/pages/404Page.js","statementMap":{"0":{"start":{"line":6,"column":8},"end":{"line":10,"column":9}}},"fnMap":{"0":{"name":"(anonymous_0)","decl":{"start":{"line":5,"column":4},"end":{"line":5,"column":5}},"loc":{"start":{"line":5,"column":13},"end":{"line":11,"column":5}},"line":5}},"branchMap":{},"s":{"0":1},"f":{"0":1},"b":{},"_coverageSchema":"1a1c01bbd47fc00a2c39e90264f33305004495a9","hash":"f01858eb1b2804142f88ba31af8af6b2945f44bc"}
,"/Users/learnacademy/Desktop/youasked/app/javascript/pages/AboutUsPage.js": {"path":"/Users/learnacademy/Desktop/youasked/app/javascript/pages/AboutUsPage.js","statementMap":{"0":{"start":{"line":14,"column":17},"end":{"line":43,"column":5}},"1":{"start":{"line":44,"column":4},"end":{"line":69,"column":6}},"2":{"start":{"line":52,"column":12},"end":{"line":65,"column":14}}},"fnMap":{"0":{"name":"(anonymous_0)","decl":{"start":{"line":13,"column":2},"end":{"line":13,"column":3}},"loc":{"start":{"line":13,"column":11},"end":{"line":70,"column":3}},"line":13},"1":{"name":"(anonymous_1)","decl":{"start":{"line":51,"column":20},"end":{"line":51,"column":21}},"loc":{"start":{"line":51,"column":32},"end":{"line":66,"column":11}},"line":51}},"branchMap":{},"s":{"0":1,"1":1,"2":4},"f":{"0":1,"1":4},"b":{},"_coverageSchema":"1a1c01bbd47fc00a2c39e90264f33305004495a9","hash":"8e60e834745ed7f251c37f8763340874fc4d9d4e"}
,"/Users/learnacademy/Desktop/youasked/app/javascript/pages/CommunityGuidelinesPage.js": {"path":"/Users/learnacademy/Desktop/youasked/app/javascript/pages/CommunityGuidelinesPage.js","statementMap":{"0":{"start":{"line":5,"column":4},"end":{"line":71,"column":6}}},"fnMap":{"0":{"name":"(anonymous_0)","decl":{"start":{"line":4,"column":2},"end":{"line":4,"column":3}},"loc":{"start":{"line":4,"column":11},"end":{"line":72,"column":3}},"line":4}},"branchMap":{},"s":{"0":1},"f":{"0":1},"b":{},"_coverageSchema":"1a1c01bbd47fc00a2c39e90264f33305004495a9","hash":"65df8a47538bd8713da68813bb1a8cdd3bab2c75"}
,"/Users/learnacademy/Desktop/youasked/app/javascript/pages/Home.js": {"path":"/Users/learnacademy/Desktop/youasked/app/javascript/pages/Home.js","statementMap":{"0":{"start":{"line":16,"column":8},"end":{"line":16,"column":18}},"1":{"start":{"line":17,"column":4},"end":{"line":51,"column":6}}},"fnMap":{"0":{"name":"(anonymous_0)","decl":{"start":{"line":9,"column":2},"end":{"line":9,"column":3}},"loc":{"start":{"line":9,"column":11},"end":{"line":52,"column":3}},"line":9}},"branchMap":{"0":{"loc":{"start":{"line":20,"column":11},"end":{"line":26,"column":11}},"type":"binary-expr","locations":[{"start":{"line":20,"column":11},"end":{"line":20,"column":21}},{"start":{"line":21,"column":12},"end":{"line":25,"column":14}}],"line":20}},"s":{"0":1,"1":1},"f":{"0":1},"b":{"0":[1,1]},"_coverageSchema":"1a1c01bbd47fc00a2c39e90264f33305004495a9","hash":"dfeb7c9092495db7792bf44b890279950a9330ce"}
,"/Users/learnacademy/Desktop/youasked/app/javascript/pages/QuestionIndex.js": {"path":"/Users/learnacademy/Desktop/youasked/app/javascript/pages/QuestionIndex.js","statementMap":{"0":{"start":{"line":8,"column":4},"end":{"line":22,"column":6}},"1":{"start":{"line":18,"column":14},"end":{"line":18,"column":76}}},"fnMap":{"0":{"name":"(anonymous_0)","decl":{"start":{"line":7,"column":2},"end":{"line":7,"column":3}},"loc":{"start":{"line":7,"column":11},"end":{"line":23,"column":3}},"line":7},"1":{"name":"(anonymous_1)","decl":{"start":{"line":17,"column":37},"end":{"line":17,"column":38}},"loc":{"start":{"line":17,"column":51},"end":{"line":19,"column":13}},"line":17}},"branchMap":{"0":{"loc":{"start":{"line":10,"column":9},"end":{"line":14,"column":9}},"type":"binary-expr","locations":[{"start":{"line":10,"column":9},"end":{"line":10,"column":32}},{"start":{"line":11,"column":10},"end":{"line":13,"column":20}}],"line":10},"1":{"loc":{"start":{"line":16,"column":11},"end":{"line":19,"column":14}},"type":"binary-expr","locations":[{"start":{"line":16,"column":11},"end":{"line":16,"column":31}},{"start":{"line":17,"column":12},"end":{"line":19,"column":14}}],"line":16}},"s":{"0":2,"1":2},"f":{"0":2,"1":2},"b":{"0":[2,1],"1":[2,2]},"_coverageSchema":"1a1c01bbd47fc00a2c39e90264f33305004495a9","hash":"d3ac9ef28402bcf4427a92d72714e4250aab0260"}
}
