TN:
SF:app/javascript/components/Footer.js
FN:10,(anonymous_0)
FNF:1
FNH:1
FNDA:1,(anonymous_0)
DA:11,1
LF:1
LH:1
BRF:0
BRH:0
end_of_record
TN:
SF:app/javascript/components/Header.js
FN:10,(anonymous_0)
FNF:1
FNH:1
FNDA:1,(anonymous_0)
DA:17,1
DA:19,1
LF:2
LH:2
BRDA:31,0,0,1
BRDA:31,0,1,0
BRDA:39,1,0,1
BRDA:39,1,1,0
BRDA:48,2,0,1
BRDA:48,2,1,1
BRDA:58,3,0,1
BRDA:58,3,1,1
BRF:8
BRH:6
end_of_record
TN:
SF:app/javascript/components/ProtectedAnswerCard.js
FN:6,MultiActionAreaCard
FN:27,(anonymous_1)
FNF:2
FNH:1
FNDA:1,MultiActionAreaCard
FNDA:0,(anonymous_1)
DA:7,1
DA:28,0
LF:2
LH:1
BRDA:28,0,0,0
BRDA:28,0,1,0
BRF:2
BRH:0
end_of_record
TN:
SF:app/javascript/components/ProtectedQuestionCard.js
FN:12,MultiActionAreaCard
FN:36,(anonymous_1)
FNF:2
FNH:1
FNDA:1,MultiActionAreaCard
FNDA:0,(anonymous_1)
DA:13,1
DA:37,0
LF:2
LH:1
BRDA:20,0,0,1
BRDA:20,0,1,0
BRDA:37,1,0,0
BRDA:37,1,1,0
BRF:4
BRH:1
end_of_record
TN:
SF:app/javascript/components/QuestionCard.js
FN:11,MultiActionAreaCard
FNF:1
FNH:1
FNDA:1,MultiActionAreaCard
DA:12,1
LF:1
LH:1
BRDA:19,0,0,0
BRDA:19,0,1,0
BRF:2
BRH:0
end_of_record
TN:
SF:app/javascript/components/UnstyledButtonCustom.js
FN:8,ButtonRoot
FN:27,(anonymous_1)
FN:109,SvgButton
FN:113,UnstyledButtonCustom
FNF:4
FNH:1
FNDA:0,ButtonRoot
FNDA:0,(anonymous_1)
FNDA:0,SvgButton
FNDA:4,UnstyledButtonCustom
DA:8,2
DA:9,0
DA:11,0
DA:22,2
DA:26,2
DA:27,0
DA:109,2
DA:110,0
DA:114,4
LF:9
LH:5
BRDA:31,0,0,0
BRDA:31,0,1,0
BRDA:34,1,0,0
BRDA:34,1,1,0
BRDA:39,2,0,0
BRDA:39,2,1,0
BRF:6
BRH:0
end_of_record
TN:
SF:app/javascript/components/image-stub.js
FNF:0
FNH:0
DA:1,3
LF:1
LH:1
BRF:0
BRH:0
end_of_record
TN:
SF:app/javascript/components/mockAnswer.js
FNF:0
FNH:0
DA:1,1
LF:1
LH:1
BRF:0
BRH:0
end_of_record
TN:
SF:app/javascript/components/mockQuestion.js
FNF:0
FNH:0
DA:1,2
LF:1
LH:1
BRF:0
BRH:0
end_of_record
TN:
SF:app/javascript/components/mockSession.js
FNF:0
FNH:0
DA:1,2
LF:1
LH:1
BRF:0
BRH:0
end_of_record
TN:
SF:app/javascript/pages/404Page.js
FN:5,(anonymous_0)
FNF:1
FNH:1
FNDA:1,(anonymous_0)
DA:6,1
LF:1
LH:1
BRF:0
BRH:0
end_of_record
TN:
SF:app/javascript/pages/AboutUsPage.js
FN:13,(anonymous_0)
FN:51,(anonymous_1)
FNF:2
FNH:2
FNDA:1,(anonymous_0)
FNDA:4,(anonymous_1)
DA:14,1
DA:44,1
DA:52,4
LF:3
LH:3
BRF:0
BRH:0
end_of_record
TN:
SF:app/javascript/pages/CommunityGuidelinesPage.js
FN:4,(anonymous_0)
FNF:1
FNH:1
FNDA:1,(anonymous_0)
DA:5,1
LF:1
LH:1
BRF:0
BRH:0
end_of_record
TN:
SF:app/javascript/pages/Home.js
FN:9,(anonymous_0)
FNF:1
FNH:1
FNDA:1,(anonymous_0)
DA:16,1
DA:17,1
LF:2
LH:2
BRDA:20,0,0,1
BRDA:20,0,1,1
BRF:2
BRH:2
end_of_record
TN:
SF:app/javascript/pages/QuestionIndex.js
FN:7,(anonymous_0)
FN:17,(anonymous_1)
FNF:2
FNH:2
FNDA:2,(anonymous_0)
FNDA:2,(anonymous_1)
DA:8,2
DA:18,2
LF:2
LH:2
BRDA:10,0,0,2
BRDA:10,0,1,1
BRDA:16,1,0,2
BRDA:16,1,1,2
BRF:4
BRH:4
end_of_record
